Started at Wed Apr 05 19:58:15 UTC 2023
Processing jenkins_sripted_pipeline
Offering jenkins_sripted_pipeline to Project Build Discarder
Processing my_python_job
Offering my_python_job to Project Build Discarder
Processing sample_build_job
Offering sample_build_job to Project Build Discarder
Processing sample_deploy_job
Offering sample_deploy_job to Project Build Discarder
Processing sample_released_job
Offering sample_released_job to Project Build Discarder
Processing sample_Test_job
Offering sample_Test_job to Project Build Discarder
Finished at Wed Apr 05 19:58:15 UTC 2023. 50ms
Started at Wed Apr 05 20:58:15 UTC 2023
Processing jenkins_sripted_pipeline
Offering jenkins_sripted_pipeline to Project Build Discarder
Processing my_python_job
Offering my_python_job to Project Build Discarder
Processing sample_build_job
Offering sample_build_job to Project Build Discarder
Processing sample_deploy_job
Offering sample_deploy_job to Project Build Discarder
Processing sample_released_job
Offering sample_released_job to Project Build Discarder
Processing sample_Test_job
Offering sample_Test_job to Project Build Discarder
Finished at Wed Apr 05 20:58:15 UTC 2023. 23ms
Started at Wed Apr 05 21:58:15 UTC 2023
Processing jenkins_sripted_pipeline
Offering jenkins_sripted_pipeline to Project Build Discarder
Processing my_python_job
Offering my_python_job to Project Build Discarder
Processing sample_build_job
Offering sample_build_job to Project Build Discarder
Processing sample_deploy_job
Offering sample_deploy_job to Project Build Discarder
Processing sample_released_job
Offering sample_released_job to Project Build Discarder
Processing sample_Test_job
Offering sample_Test_job to Project Build Discarder
Finished at Wed Apr 05 21:58:15 UTC 2023. 43ms
Started at Wed Apr 05 22:58:15 UTC 2023
Processing jenkins_sripted_pipeline
Offering jenkins_sripted_pipeline to Project Build Discarder
Processing my_python_job
Offering my_python_job to Project Build Discarder
Processing sample_build_job
Offering sample_build_job to Project Build Discarder
Processing sample_deploy_job
Offering sample_deploy_job to Project Build Discarder
Processing sample_released_job
Offering sample_released_job to Project Build Discarder
Processing sample_Test_job
Offering sample_Test_job to Project Build Discarder
Finished at Wed Apr 05 22:58:15 UTC 2023. 47ms
Started at Wed Apr 05 23:58:15 UTC 2023
Processing jenkins_sripted_pipeline
Offering jenkins_sripted_pipeline to Project Build Discarder
Processing my_python_job
Offering my_python_job to Project Build Discarder
Processing sample_build_job
Offering sample_build_job to Project Build Discarder
Processing sample_deploy_job
Offering sample_deploy_job to Project Build Discarder
Processing sample_released_job
Offering sample_released_job to Project Build Discarder
Processing sample_Test_job
Offering sample_Test_job to Project Build Discarder
Finished at Wed Apr 05 23:58:15 UTC 2023. 49ms
Started at Thu Apr 06 00:58:15 UTC 2023
Processing jenkins_sripted_pipeline
Offering jenkins_sripted_pipeline to Project Build Discarder
Processing my_python_job
Offering my_python_job to Project Build Discarder
Processing sample_build_job
Offering sample_build_job to Project Build Discarder
Processing sample_deploy_job
Offering sample_deploy_job to Project Build Discarder
Processing sample_released_job
Offering sample_released_job to Project Build Discarder
Processing sample_Test_job
Offering sample_Test_job to Project Build Discarder
Finished at Thu Apr 06 00:58:15 UTC 2023. 46ms
